Francesco Petroselliõ3681255650õ1Bõ09-29-2000
Ola Christenssonõ3050730127õ67Aõ09-30-2000
Ulf Stahreõ3570820127õ114Bõ10-12-2000
Ingemar Svahnõ3010170527õ45Bõ01-16-2001
Bjarne Thomsenõ3681325850õ48Aõ09-14-2001
Monica Hjortbergõ3330240427õ78Bõ11-23-2001
Margret Ekedal-Miariõ3330000427õ41Aõ11-30-2001
Thomas Backlundõ3300660027õ5Aõ01-18-2002
Birgitta B.-Nilssonõ3510220327õ78Aõ02-28-2002
Goran Behreõ3140960927õ35Aõ04-22-2002
Ezzatollah Djazayeriõ3390900127õ79Bõ02-04-2003
Inger Wikström-Haugenõ3640350227õ118Bõ09-30-2003
Eva Bjorkander Mannheimerõ3670720427õ125Aõ02-07-2004
Per Randõ3770460227õ39Aõ04-06-2004
Anders Jarlertõ3980090327õ123Bõ12-14-2004
Erik Bohlinõ3550560627õ27Bõ12-16-2004
Torgny Nordinõ3070710627õ6Aõ01-11-2005
Kerstin Nordenstamõ3270230627õ73Aõ02-15-2005
Stefan Ekmanõ3050990127õ124Aõ06-02-2005
Irja Bergstromõ3810380527õ34Aõ11-22-2005
Catharina Anderssonõ3040776003õ126Aõ10-09-2006
Lisbet Bengtssonõ3010680027õ97Bõ11-27-2006
Erik Magnussonõ3260360427õ125Bõ01-23-2008
Ingela Tägilõ5031775810õ82Bõ03-11-2008
Britt-Mari Näsströmõ3721295250õ72Bõ05-06-2008
Claes Thelianderõ3470006003õ33Bõ10-23-2009
Per Landgrenõ3200219440õ123Aõ12-17-2009
Jonas Ingvarssonõ3230529440õ4Aõ06-02-2010
Tobias Hägerlandõ5051687228õ36Dõ08-04-2010
Ingegerd Bauderõ3230839240õ83Aõ08-18-2010
Alexander Bareisõ3400019340õ121Aõ12-07-2010
Inger Månesköld-Öbergõ3260049840õ113Aõ03-21-2011
Rikard Wingårdõ5011121913õ121Bõ04-07-2011
Ida Larssonõ5001367502õ104Aõ05-02-2011
Stina Otterbergõ5011571916õ127Bõ05-30-2011
Sverker Göranssonõ3860140827õ2Aõ06-17-2011
Paul Rudnyõ5051291726õ32Aõ06-30-2011
Gunilla Linde Bjurõ3170356403õ47Aõ07-04-2011
Kenneth Nybergõ5051116716õ8Bõ07-12-2011
Marie Carlsonõ5051601727õ101Aõ07-26-2011
Anders Frenanderõ3420916903õ84Bõ08-23-2011
Bertil K. Lundbergõ5051081625õ34Bõ08-31-2011
Kjell Krantzõ3430999140õ112Bõ09-15-2011
Mikael Löfgrenõ3790060427õ98Bõ09-22-2011
Erik Alvstadõ5011131813õ122Bõ09-27-2011
Bengt Jacobssonõ5051491427õ106Aõ09-27-2011
Mats Janssonõ5041556312õ8Aõ09-27-2011
Björn O. Anderssonõ5151076541õ79Aõ10-03-2011
Louise Limbergõ3220960427õ27Aõ10-17-2011
Linnea Lindsköldõ5211311239õ75Aõ10-17-2011
Bengt Alexandersonõ3320249740õ109Aõ10-28-2011
Helene Blomqvistõ3420839140õ45Aõ11-29-2011
Marianne Molander-Beyerõ5061101233õ43Aõ12-01-2011
Hans-Erik Johannessonõ5261641548õ85Aõ01-23-2012
Maria Medinaõ5021231119õ29Aõ01-25-2012
Johan Lundõ5271191251õ89Aõ02-04-2012
Ulrika Lagerlöf Nilssonõ5011781618õ39Bõ02-09-2012
Håkan Möllerõ5011232203õ29Bõ02-16-2012
Henrik Björckõ5031817308õ110Aõ03-21-2012
Åke Perssonõ5071232418õ94Aõ05-02-2012
Hans Leanderõ5011151313õ95Aõ08-31-2012
Britta Olinderõ5261551848õ38Aõ09-05-2012
Christian Sjögreenõ3400079340õ38Bõ09-05-2012
Jarl Nordbladhõ5141211636õ96Aõ10-01-2012
Göran Mickelssonõ3320569640õ42Bõ02-06-2013
Mattias Börjessonõ5051565834õ31Bõ03-19-2013
Beata Agrellõ5011111913õ1Aõ03-19-2013
Thomas Magnussonõ5061346534õ93Aõ04-26-2013
Anton Janssonõ5051747132õ108Bõ05-27-2013
Sonja Bjelobabaõ5051377922õ69Bõ06-18-2013
Ulf Hanssonõ5191112349õ40Aõ08-05-2013
Michael Azarõ5041783615õ118Aõ08-12-2013
Lisbeth Stenbergõ3491642504õ36Bõ09-18-2013
Malin Svenssonõ5051955135õ120Bõ12-02-2013
Anna Klara Bojöõ5151853345õ35Bõ12-05-2013
Nils Erikssonõ3430749940õ92Aõ12-11-2013
Vicente J. Oieniõ3270280427õ110Bõ12-11-2013
Bo Claessonõ5031683908õ28Bõ12-17-2013
Erik Perssonõ5051866425õ88Aõ01-30-2014
Birgitta Ahlmo-Nilssonõ5031104406õ127Aõ02-03-2014
Per Stenborgõ5031416005õ102Bõ02-13-2014
Rosmari Lillas-Schuilõ5151953746õ81Aõ03-19-2014
Janina Nordiusõ3541582604õ72Aõ03-22-2014
Martin Berntsonõ5051435233õ44Bõ03-22-2014
Emma Karin Brandinõ5141106738õ98Aõ03-31-2014
Silva, TESTKORT IT-supportõ3670900327õ00Bõ10-17-2014
Henrik J. Alexanderssonõ5041267511õ91Bõ10-17-2014
Maria K. Perssonõ5051081525õ76Aõ10-17-2014
Jan Retsöõ5051065023õ30Aõ10-17-2014
Madeleine E. Zöllerõ5131871036õ71Aõ10-17-2014
Julia Pennlertõ3641163932õ68Aõ10-17-2014
Annika Ljung-Baruthõ5111354236õ73Bõ10-17-2014
Gunnar D. Hanssonõ5241851244õ94Bõ10-21-2014
Britt Liljewallõ3280190727õ57Bõ10-21-2014
Lennart Palmõ5011961818õ67Bõ10-21-2014
Bo Lindbergõ5011131213õ114Aõ10-21-2014
Sven-Eric Liedmanõ3130286703õ113Bõ10-21-2014
Göran B. Larssonõ5141086837õ77Aõ10-21-2014
Lars V. Nyströmõ5051796924õ97Aõ10-21-2014
Martti Rantanenõ5231881542õ86Bõ10-21-2014
Per Arne Tjäderõ3190186403õ85Bõ10-21-2014
Ingemar Nilssonõ5141394742õ88Bõ10-21-2014
Lars Lönnrothõ5051091925õ124Bõ10-21-2014
Tomas Nilsonõ5051013918õ91Aõ10-21-2014
Gunnar Samuelssonõ5051332209õ36Aõ10-21-2014
Jenny Bergenmarõ5011291414õ74Bõ10-21-2014
Tomas Forserõ3430949740õ3Aõ10-21-2014
Henric Bageriusõ5061211833õ116Bõ10-21-2014
Olle Edströmõ5031431820õ43Bõ10-21-2014
Anders Carlssonõ5061346634õ3Bõ10-21-2014
Petra Pauliõ5001743503õ93Bõ10-21-2014
Patrik Möllerõ5011601117õ105Aõ10-21-2014
Mariana Ivanovaõ3721235250õ122Aõ10-21-2014
Olle Widheõ5061146633õ70Bõ10-21-2014
Jan Christensenõ5021021218õ68Bõ10-21-2014
Göran Malmstedtõ5161423250õ117Bõ10-21-2014
Marita Rhedinõ5061621734õ111Aõ10-21-2014
Britt Marie Fridh-Hanesonõ3451332604õ69Aõ10-21-2014
Henrik Jansonõ5051314723õ37Aõ10-21-2014
Ingmar Stenrothõ3220439640õ37Bõ10-21-2014
Katarina Leppänenõ5031373906õ81Bõ10-21-2014
Christina Schmidtõ5241641843õ126Bõ10-21-2014
Erik Hallbergõ5041423712õ103Bõ10-21-2014
Anders Ottossonõ5051834434õ95Bõ10-21-2014
Folke Josephsonõ5031087805õ90Aõ10-21-2014
Christina B. Ekströmõ5051254521õ44Aõ10-21-2014
Annica Karlsson Rixonõ5001195403õ87Aõ10-21-2014
Adrián Groglopoõ5101403536õ36Cõ10-21-2014
Edda Manga Otaloraõ3420419440õ87Bõ10-21-2014
Per Cornellõ5041684414õ40Bõ10-21-2014
Anders Pederssonõ5161003546õ103Aõ10-21-2014
Isabel Hopmoenõ5041412907õ105Bõ10-21-2014
Signild Risenforsõ5121393336õ80Aõ10-21-2014
Jannie Jensenõ3561923232õ83Bõ10-22-2014
Maria Cavallin Aijmerõ5141584143õ7Aõ10-22-2014
Lars Seldénõ3230760127õ84Aõ10-22-2014
Anna Fåhraeusõ3561923432õ47Bõ10-22-2014
Johan Alfonssonõ5041214411õ75Bõ10-22-2014
Karin A. Bryggerõ5051896126õ41Bõ10-22-2014
Göran Aijmerõ3581173732õ119Aõ10-22-2014
Ulrika Centerwallõ3581313932õ96Bõ10-22-2014
Gunnar Falkemarkõ5061801734õ117Aõ10-22-2014
Ann-Sofie Anderssonõ5031642905õ89Bõ11-28-2014
Sandra Grehnõ5111624136õ102Aõ12-11-2014
Therese G. Svenssonõ5111364136õ104Bõ01-07-2015
Andrej Slavikõ5031173006õ120Aõ02-02-2015
Manijeh Mehdiyarõ5051594626õ76Bõ06-02-2015
Elisabeth Ahlsénõ5031505808õ74Aõ06-02-2015
Britas Benjamin Erikssonõ5091224536õ9Aõ06-03-2015
Evelina Johanssonõ5001336402õ90Bõ07-16-2015
Katarina Elamõ3561573732õ9Bõ07-16-2015
Staffan Olofssonõ5121403436õ119Bõ07-21-2015
Karin Westin Tikkanenõ5061775035õ112Aõ09-01-2015
Sebastian Svenbergõ3701215050õ99Aõ09-07-2015
Carl Wilénõ5031284506õ101Bõ10-27-2015
Georg Walserõ5051585734õ30Bõ11-10-2015
G läsesal, testõ3601543132õ00Aõ02-04-2016
Lena M. Larsson Lovénõ5031465008õ70Aõ02-23-2016
Linus C. Karlssonõ5161096747õ115Bõ03-08-2016
Tom A. Leissnerõ5181961938õ80Bõ05-23-2016
Martin Wiklundõ5181822347õ99Bõ07-04-2016
Gustav Holmbergõ5151535951õ82Aõ07-04-2016
Lage Rosengrenõ3440710127õ28Aõ07-04-2016
Gustaf Nelhansõ5001063402õ4Bõ07-12-2016
Alessandro Palumboõ3641953932õ77Bõ07-13-2016
Christine Sjöbergõ5151956046õ107Aõ07-13-2016
Johannes Björkõ3651945250õ86Aõ10-27-2016
David Svärdõ3701185250õ109Bõ01-09-2017
Hans Bjurõ3651905550õ42Aõ01-11-2017
Johan Gardforsõ5051737732õ111Bõ01-16-2017
Louise Holmerõ5231171541õ108Aõ03-03-2017
Mimi Nielsenõ5051504825õ115Aõ04-27-2017
Anna Gustavssonõ5131504138õ92Bõ05-05-2017
Afrah Abdullaõ5021757304õ71Bõ05-15-2017
Mathilda Rosengrenõ3030936303õ106Bõ06-12-2017
